build/app/intermediates/manifest_merge_blame_file/debug/manifest-merger-blame-debug-report.txt
1<?xml version="1.0" encoding="utf-8"?>
2<manifest xmlns:android="http://schemas.android.com/apk/res/android"
3    package="com.cpp.birthday_gift"
4    android:versionCode="3"
5    android:versionName="3.0.0" >
6
7    <uses-sdk
8        android:minSdkVersion="23"
9        android:targetSdkVersion="35" />
10    <!--
11         The INTERNET permission is required for development. Specifically,
12         the Flutter tool needs it to communicate with the running application
13         to allow setting breakpoints, to provide hot reload, etc.
14    -->
15    <uses-permission android:name="android.permission.INTERNET" />
15-->src\debug\AndroidManifest.xml:6:5-66
15-->src\debug\AndroidManifest.xml:6:22-64
16    <uses-permission android:name="android.permission.READ_EXTERNAL_STORAGE" />
16-->src\main\AndroidManifest.xml:2:5-79
16-->src\main\AndroidManifest.xml:2:22-77
17    <uses-permission android:name="android.permission.WRITE_EXTERNAL_STORAGE" />
17-->src\main\AndroidManifest.xml:3:5-80
17-->src\main\AndroidManifest.xml:3:22-78
18    <uses-permission android:name="android.permission.CAMERA" />
18-->src\main\AndroidManifest.xml:4:5-64
18-->src\main\AndroidManifest.xml:4:22-62
19    <!--
20 Required to query activities that can process text, see:
21         https://developer.android.com/training/package-visibility and
22         https://developer.android.com/reference/android/content/Intent#ACTION_PROCESS_TEXT.
23
24         In particular, this is used by the Flutter engine in io.flutter.plugin.text.ProcessTextPlugin.
25    -->
26    <queries>
26-->src\main\AndroidManifest.xml:42:5-47:15
27        <intent>
27-->src\main\AndroidManifest.xml:43:9-46:18
28            <action android:name="android.intent.action.PROCESS_TEXT" />
28-->src\main\AndroidManifest.xml:44:13-72
28-->src\main\AndroidManifest.xml:44:21-70
29
30            <data android:mimeType="text/plain" />
30-->src\main\AndroidManifest.xml:45:13-50
30-->src\main\AndroidManifest.xml:45:19-48
31        </intent>
32    </queries>
33
34    <uses-permission android:name="android.permission.ACCESS_NETWORK_STATE" />
34-->[com.google.firebase:firebase-auth:23.2.0] AndroidManifest.xml:26:5-79
34-->[com.google.firebase:firebase-auth:23.2.0] AndroidManifest.xml:26:22-76
35    <uses-permission android:name="com.google.android.providers.gsf.permission.READ_GSERVICES" />
35-->[com.google.android.recaptcha:recaptcha:18.6.1] AndroidManifest.xml:9:5-98
35-->[com.google.android.recaptcha:recaptcha:18.6.1] AndroidManifest.xml:9:22-95
36
37    <permission
37-->[androidx.core:core:1.13.1] AndroidManifest.xml:22:5-24:47
38        android:name="com.cpp.birthday_gift.DYNAMIC_RECEIVER_NOT_EXPORTED_PERMISSION"
38-->[androidx.core:core:1.13.1] AndroidManifest.xml:23:9-81
39        android:protectionLevel="signature" />
39-->[androidx.core:core:1.13.1] AndroidManifest.xml:24:9-44
40
41    <uses-permission android:name="com.cpp.birthday_gift.DYNAMIC_RECEIVER_NOT_EXPORTED_PERMISSION" />
41-->[androidx.core:core:1.13.1] AndroidManifest.xml:26:5-97
41-->[androidx.core:core:1.13.1] AndroidManifest.xml:26:22-94
42
43    <application
44        android:name="android.app.Application"
45        android:appComponentFactory="androidx.core.app.CoreComponentFactory"
45-->[androidx.core:core:1.13.1] AndroidManifest.xml:28:18-86
46        android:debuggable="true"
47        android:extractNativeLibs="false"
48        android:icon="@mipmap/launcher_icon"
49        android:label="birthday_planner" >
50        <activity
51            android:name="com.cpp.birthday_gift.MainActivity"
52            android:configChanges="orientation|keyboardHidden|keyboard|screenSize|smallestScreenSize|locale|layoutDirection|fontScale|screenLayout|density|uiMode"
53            android:exported="true"
54            android:hardwareAccelerated="true"
55            android:launchMode="singleTop"
56            android:taskAffinity=""
57            android:theme="@style/LaunchTheme"
58            android:windowSoftInputMode="adjustResize" >
59
60            <!--
61                 Specifies an Android theme to apply to this Activity as soon as
62                 the Android process has started. This theme is visible to the user
63                 while the Flutter UI initializes. After that, this theme continues
64                 to determine the Window background behind the Flutter UI.
65            -->
66            <meta-data
67                android:name="io.flutter.embedding.android.NormalTheme"
68                android:resource="@style/NormalTheme" />
69
70            <intent-filter>
71                <action android:name="android.intent.action.MAIN" />
72
73                <category android:name="android.intent.category.LAUNCHER" />
74            </intent-filter>
75        </activity>
76        <!--
77             Don't delete the meta-data below.
78             This is used by the Flutter tool to generate GeneratedPluginRegistrant.java
79        -->
80        <meta-data
81            android:name="flutterEmbedding"
82            android:value="2" />
83
84        <service
84-->[:cloud_firestore] AndroidManifest.xml:8:9-12:19
85            android:name="com.google.firebase.components.ComponentDiscoveryService"
85-->[:cloud_firestore] AndroidManifest.xml:8:18-89
86            android:directBootAware="true"
86-->[com.google.firebase:firebase-common:21.0.0] AndroidManifest.xml:32:13-43
87            android:exported="false" >
87-->[com.google.firebase:firebase-auth:23.2.0] AndroidManifest.xml:68:13-37
88            <meta-data
88-->[:cloud_firestore] AndroidManifest.xml:9:13-11:85
89                android:name="com.google.firebase.components:io.flutter.plugins.firebase.firestore.FlutterFirebaseFirestoreRegistrar"
89-->[:cloud_firestore] AndroidManifest.xml:10:17-134
90                android:value="com.google.firebase.components.ComponentRegistrar" />
90-->[:cloud_firestore] AndroidManifest.xml:11:17-82
91            <meta-data
91-->[:firebase_auth] AndroidManifest.xml:9:13-11:85
92                android:name="com.google.firebase.components:io.flutter.plugins.firebase.auth.FlutterFirebaseAuthRegistrar"
92-->[:firebase_auth] AndroidManifest.xml:10:17-124
93                android:value="com.google.firebase.components.ComponentRegistrar" />
93-->[:firebase_auth] AndroidManifest.xml:11:17-82
94            <meta-data
94-->[:firebase_storage] AndroidManifest.xml:9:13-11:85
95                android:name="com.google.firebase.components:io.flutter.plugins.firebase.storage.FlutterFirebaseAppRegistrar"
95-->[:firebase_storage] AndroidManifest.xml:10:17-126
96                android:value="com.google.firebase.components.ComponentRegistrar" />
96-->[:firebase_storage] AndroidManifest.xml:11:17-82
97            <meta-data
97-->[:firebase_core] AndroidManifest.xml:9:13-11:85
98                android:name="com.google.firebase.components:io.flutter.plugins.firebase.core.FlutterFirebaseCoreRegistrar"
98-->[:firebase_core] AndroidManifest.xml:10:17-124
99                android:value="com.google.firebase.components.ComponentRegistrar" />
99-->[:firebase_core] AndroidManifest.xml:11:17-82
100            <meta-data
100-->[com.google.firebase:firebase-auth:23.2.0] AndroidManifest.xml:69:13-71:85
101                android:name="com.google.firebase.components:com.google.firebase.auth.FirebaseAuthRegistrar"
101-->[com.google.firebase:firebase-auth:23.2.0] AndroidManifest.xml:70:17-109
102                android:value="com.google.firebase.components.ComponentRegistrar" />
102-->[com.google.firebase:firebase-auth:23.2.0] AndroidManifest.xml:71:17-82
103            <meta-data
103-->[com.google.firebase:firebase-firestore:25.1.3] AndroidManifest.xml:17:13-19:85
104                android:name="com.google.firebase.components:com.google.firebase.firestore.FirebaseFirestoreKtxRegistrar"
104-->[com.google.firebase:firebase-firestore:25.1.3] AndroidManifest.xml:18:17-122
105                android:value="com.google.firebase.components.ComponentRegistrar" />
105-->[com.google.firebase:firebase-firestore:25.1.3] AndroidManifest.xml:19:17-82
106            <meta-data
106-->[com.google.firebase:firebase-firestore:25.1.3] AndroidManifest.xml:20:13-22:85
107                android:name="com.google.firebase.components:com.google.firebase.firestore.FirestoreRegistrar"
107-->[com.google.firebase:firebase-firestore:25.1.3] AndroidManifest.xml:21:17-111
108                android:value="com.google.firebase.components.ComponentRegistrar" />
108-->[com.google.firebase:firebase-firestore:25.1.3] AndroidManifest.xml:22:17-82
109            <meta-data
109-->[com.google.firebase:firebase-storage:21.0.1] AndroidManifest.xml:30:13-32:85
110                android:name="com.google.firebase.components:com.google.firebase.storage.FirebaseStorageKtxRegistrar"
110-->[com.google.firebase:firebase-storage:21.0.1] AndroidManifest.xml:31:17-118
111                android:value="com.google.firebase.components.ComponentRegistrar" />
111-->[com.google.firebase:firebase-storage:21.0.1] AndroidManifest.xml:32:17-82
112            <meta-data
112-->[com.google.firebase:firebase-storage:21.0.1] AndroidManifest.xml:33:13-35:85
113                android:name="com.google.firebase.components:com.google.firebase.storage.StorageRegistrar"
113-->[com.google.firebase:firebase-storage:21.0.1] AndroidManifest.xml:34:17-107
114                android:value="com.google.firebase.components.ComponentRegistrar" />
114-->[com.google.firebase:firebase-storage:21.0.1] AndroidManifest.xml:35:17-82
115            <meta-data
115-->[com.google.firebase:firebase-appcheck:18.0.0] AndroidManifest.xml:25:13-27:85
116                android:name="com.google.firebase.components:com.google.firebase.appcheck.FirebaseAppCheckKtxRegistrar"
116-->[com.google.firebase:firebase-appcheck:18.0.0] AndroidManifest.xml:26:17-120
117                android:value="com.google.firebase.components.ComponentRegistrar" />
117-->[com.google.firebase:firebase-appcheck:18.0.0] AndroidManifest.xml:27:17-82
118            <meta-data
118-->[com.google.firebase:firebase-appcheck:18.0.0] AndroidManifest.xml:28:13-30:85
119                android:name="com.google.firebase.components:com.google.firebase.appcheck.FirebaseAppCheckRegistrar"
119-->[com.google.firebase:firebase-appcheck:18.0.0] AndroidManifest.xml:29:17-117
120                android:value="com.google.firebase.components.ComponentRegistrar" />
120-->[com.google.firebase:firebase-appcheck:18.0.0] AndroidManifest.xml:30:17-82
121            <meta-data
121-->[com.google.firebase:firebase-common-ktx:21.0.0] AndroidManifest.xml:12:13-14:85
122                android:name="com.google.firebase.components:com.google.firebase.ktx.FirebaseCommonLegacyRegistrar"
122-->[com.google.firebase:firebase-common-ktx:21.0.0] AndroidManifest.xml:13:17-116
123                android:value="com.google.firebase.components.ComponentRegistrar" />
123-->[com.google.firebase:firebase-common-ktx:21.0.0] AndroidManifest.xml:14:17-82
124            <meta-data
124-->[com.google.firebase:firebase-common:21.0.0] AndroidManifest.xml:35:13-37:85
125                android:name="com.google.firebase.components:com.google.firebase.FirebaseCommonKtxRegistrar"
125-->[com.google.firebase:firebase-common:21.0.0] AndroidManifest.xml:36:17-109
126                android:value="com.google.firebase.components.ComponentRegistrar" />
126-->[com.google.firebase:firebase-common:21.0.0] AndroidManifest.xml:37:17-82
127        </service>
128
129        <provider
129-->[:image_picker_android] AndroidManifest.xml:9:9-17:20
130            android:name="io.flutter.plugins.imagepicker.ImagePickerFileProvider"
130-->[:image_picker_android] AndroidManifest.xml:10:13-82
131            android:authorities="com.cpp.birthday_gift.flutter.image_provider"
131-->[:image_picker_android] AndroidManifest.xml:11:13-74
132            android:exported="false"
132-->[:image_picker_android] AndroidManifest.xml:12:13-37
133            android:grantUriPermissions="true" >
133-->[:image_picker_android] AndroidManifest.xml:13:13-47
134            <meta-data
134-->[:image_picker_android] AndroidManifest.xml:14:13-16:75
135                android:name="android.support.FILE_PROVIDER_PATHS"
135-->[:image_picker_android] AndroidManifest.xml:15:17-67
136                android:resource="@xml/flutter_image_picker_file_paths" />
136-->[:image_picker_android] AndroidManifest.xml:16:17-72
137        </provider> <!-- Trigger Google Play services to install the backported photo picker module. -->
138        <service
138-->[:image_picker_android] AndroidManifest.xml:19:9-31:19
139            android:name="com.google.android.gms.metadata.ModuleDependencies"
139-->[:image_picker_android] AndroidManifest.xml:20:13-78
140            android:enabled="false"
140-->[:image_picker_android] AndroidManifest.xml:21:13-36
141            android:exported="false" >
141-->[:image_picker_android] AndroidManifest.xml:22:13-37
142            <intent-filter>
142-->[:image_picker_android] AndroidManifest.xml:24:13-26:29
143                <action android:name="com.google.android.gms.metadata.MODULE_DEPENDENCIES" />
143-->[:image_picker_android] AndroidManifest.xml:25:17-94
143-->[:image_picker_android] AndroidManifest.xml:25:25-91
144            </intent-filter>
145
146            <meta-data
146-->[:image_picker_android] AndroidManifest.xml:28:13-30:36
147                android:name="photopicker_activity:0:required"
147-->[:image_picker_android] AndroidManifest.xml:29:17-63
148                android:value="" />
148-->[:image_picker_android] AndroidManifest.xml:30:17-33
149        </service>
150
151        <activity
151-->[com.google.firebase:firebase-auth:23.2.0] AndroidManifest.xml:29:9-46:20
152            android:name="com.google.firebase.auth.internal.GenericIdpActivity"
152-->[com.google.firebase:firebase-auth:23.2.0] AndroidManifest.xml:30:13-80
153            android:excludeFromRecents="true"
153-->[com.google.firebase:firebase-auth:23.2.0] AndroidManifest.xml:31:13-46
154            android:exported="true"
154-->[com.google.firebase:firebase-auth:23.2.0] AndroidManifest.xml:32:13-36
155            android:launchMode="singleTask"
155-->[com.google.firebase:firebase-auth:23.2.0] AndroidManifest.xml:33:13-44
156            android:theme="@android:style/Theme.Translucent.NoTitleBar" >
156-->[com.google.firebase:firebase-auth:23.2.0] AndroidManifest.xml:34:13-72
157            <intent-filter>
157-->[com.google.firebase:firebase-auth:23.2.0] AndroidManifest.xml:35:13-45:29
158                <action android:name="android.intent.action.VIEW" />
158-->[com.google.firebase:firebase-auth:23.2.0] AndroidManifest.xml:36:17-69
158-->[com.google.firebase:firebase-auth:23.2.0] AndroidManifest.xml:36:25-66
159
160                <category android:name="android.intent.category.DEFAULT" />
160-->[com.google.firebase:firebase-auth:23.2.0] AndroidManifest.xml:38:17-76
160-->[com.google.firebase:firebase-auth:23.2.0] AndroidManifest.xml:38:27-73
161                <category android:name="android.intent.category.BROWSABLE" />
161-->[com.google.firebase:firebase-auth:23.2.0] AndroidManifest.xml:39:17-78
161-->[com.google.firebase:firebase-auth:23.2.0] AndroidManifest.xml:39:27-75
162
163                <data
163-->src\main\AndroidManifest.xml:45:13-50
164                    android:host="firebase.auth"
165                    android:path="/"
166                    android:scheme="genericidp" />
167            </intent-filter>
168        </activity>
169        <activity
169-->[com.google.firebase:firebase-auth:23.2.0] AndroidManifest.xml:47:9-64:20
170            android:name="com.google.firebase.auth.internal.RecaptchaActivity"
170-->[com.google.firebase:firebase-auth:23.2.0] AndroidManifest.xml:48:13-79
171            android:excludeFromRecents="true"
171-->[com.google.firebase:firebase-auth:23.2.0] AndroidManifest.xml:49:13-46
172            android:exported="true"
172-->[com.google.firebase:firebase-auth:23.2.0] AndroidManifest.xml:50:13-36
173            android:launchMode="singleTask"
173-->[com.google.firebase:firebase-auth:23.2.0] AndroidManifest.xml:51:13-44
174            android:theme="@android:style/Theme.Translucent.NoTitleBar" >
174-->[com.google.firebase:firebase-auth:23.2.0] AndroidManifest.xml:52:13-72
175            <intent-filter>
175-->[com.google.firebase:firebase-auth:23.2.0] AndroidManifest.xml:53:13-63:29
176                <action android:name="android.intent.action.VIEW" />
176-->[com.google.firebase:firebase-auth:23.2.0] AndroidManifest.xml:36:17-69
176-->[com.google.firebase:firebase-auth:23.2.0] AndroidManifest.xml:36:25-66
177
178                <category android:name="android.intent.category.DEFAULT" />
178-->[com.google.firebase:firebase-auth:23.2.0] AndroidManifest.xml:38:17-76
178-->[com.google.firebase:firebase-auth:23.2.0] AndroidManifest.xml:38:27-73
179                <category android:name="android.intent.category.BROWSABLE" />
179-->[com.google.firebase:firebase-auth:23.2.0] AndroidManifest.xml:39:17-78
179-->[com.google.firebase:firebase-auth:23.2.0] AndroidManifest.xml:39:27-75
180
181                <data
181-->src\main\AndroidManifest.xml:45:13-50
182                    android:host="firebase.auth"
183                    android:path="/"
184                    android:scheme="recaptcha" />
185            </intent-filter>
186        </activity>
187
188        <provider
188-->[com.google.firebase:firebase-common:21.0.0] AndroidManifest.xml:23:9-28:39
189            android:name="com.google.firebase.provider.FirebaseInitProvider"
189-->[com.google.firebase:firebase-common:21.0.0] AndroidManifest.xml:24:13-77
190            android:authorities="com.cpp.birthday_gift.firebaseinitprovider"
190-->[com.google.firebase:firebase-common:21.0.0] AndroidManifest.xml:25:13-72
191            android:directBootAware="true"
191-->[com.google.firebase:firebase-common:21.0.0] AndroidManifest.xml:26:13-43
192            android:exported="false"
192-->[com.google.firebase:firebase-common:21.0.0] AndroidManifest.xml:27:13-37
193            android:initOrder="100" />
193-->[com.google.firebase:firebase-common:21.0.0] AndroidManifest.xml:28:13-36
194
195        <service
195-->[androidx.credentials:credentials-play-services-auth:1.2.0-rc01] AndroidManifest.xml:24:9-32:19
196            android:name="androidx.credentials.playservices.CredentialProviderMetadataHolder"
196-->[androidx.credentials:credentials-play-services-auth:1.2.0-rc01] AndroidManifest.xml:25:13-94
197            android:enabled="true"
197-->[androidx.credentials:credentials-play-services-auth:1.2.0-rc01] AndroidManifest.xml:26:13-35
198            android:exported="false" >
198-->[androidx.credentials:credentials-play-services-auth:1.2.0-rc01] AndroidManifest.xml:27:13-37
199            <meta-data
199-->[androidx.credentials:credentials-play-services-auth:1.2.0-rc01] AndroidManifest.xml:29:13-31:104
200                android:name="androidx.credentials.CREDENTIAL_PROVIDER_KEY"
200-->[androidx.credentials:credentials-play-services-auth:1.2.0-rc01] AndroidManifest.xml:30:17-76
201                android:value="androidx.credentials.playservices.CredentialProviderPlayServicesImpl" />
201-->[androidx.credentials:credentials-play-services-auth:1.2.0-rc01] AndroidManifest.xml:31:17-101
202        </service>
203
204        <activity
204-->[androidx.credentials:credentials-play-services-auth:1.2.0-rc01] AndroidManifest.xml:34:9-41:20
205            android:name="androidx.credentials.playservices.HiddenActivity"
205-->[androidx.credentials:credentials-play-services-auth:1.2.0-rc01] AndroidManifest.xml:35:13-76
206            android:configChanges="orientation|screenSize|screenLayout|keyboardHidden"
206-->[androidx.credentials:credentials-play-services-auth:1.2.0-rc01] AndroidManifest.xml:36:13-87
207            android:enabled="true"
207-->[androidx.credentials:credentials-play-services-auth:1.2.0-rc01] AndroidManifest.xml:37:13-35
208            android:exported="false"
208-->[androidx.credentials:credentials-play-services-auth:1.2.0-rc01] AndroidManifest.xml:38:13-37
209            android:fitsSystemWindows="true"
209-->[androidx.credentials:credentials-play-services-auth:1.2.0-rc01] AndroidManifest.xml:39:13-45
210            android:theme="@style/Theme.Hidden" >
210-->[androidx.credentials:credentials-play-services-auth:1.2.0-rc01] AndroidManifest.xml:40:13-48
211        </activity>
212        <activity
212-->[com.google.android.gms:play-services-auth:20.7.0] AndroidManifest.xml:23:9-27:75
213            android:name="com.google.android.gms.auth.api.signin.internal.SignInHubActivity"
213-->[com.google.android.gms:play-services-auth:20.7.0] AndroidManifest.xml:24:13-93
214            android:excludeFromRecents="true"
214-->[com.google.android.gms:play-services-auth:20.7.0] AndroidManifest.xml:25:13-46
215            android:exported="false"
215-->[com.google.android.gms:play-services-auth:20.7.0] AndroidManifest.xml:26:13-37
216            android:theme="@android:style/Theme.Translucent.NoTitleBar" />
216-->[com.google.android.gms:play-services-auth:20.7.0] AndroidManifest.xml:27:13-72
217        <!--
218            Service handling Google Sign-In user revocation. For apps that do not integrate with
219            Google Sign-In, this service will never be started.
220        -->
221        <service
221-->[com.google.android.gms:play-services-auth:20.7.0] AndroidManifest.xml:33:9-37:51
222            android:name="com.google.android.gms.auth.api.signin.RevocationBoundService"
222-->[com.google.android.gms:play-services-auth:20.7.0] AndroidManifest.xml:34:13-89
223            android:exported="true"
223-->[com.google.android.gms:play-services-auth:20.7.0] AndroidManifest.xml:35:13-36
224            android:permission="com.google.android.gms.auth.api.signin.permission.REVOCATION_NOTIFICATION"
224-->[com.google.android.gms:play-services-auth:20.7.0] AndroidManifest.xml:36:13-107
225            android:visibleToInstantApps="true" />
225-->[com.google.android.gms:play-services-auth:20.7.0] AndroidManifest.xml:37:13-48
226
227        <activity
227-->[com.google.android.gms:play-services-base:18.1.0] AndroidManifest.xml:20:9-22:45
228            android:name="com.google.android.gms.common.api.GoogleApiActivity"
228-->[com.google.android.gms:play-services-base:18.1.0] AndroidManifest.xml:20:19-85
229            android:exported="false"
229-->[com.google.android.gms:play-services-base:18.1.0] AndroidManifest.xml:22:19-43
230            android:theme="@android:style/Theme.Translucent.NoTitleBar" />
230-->[com.google.android.gms:play-services-base:18.1.0] AndroidManifest.xml:21:19-78
231
232        <provider
232-->[androidx.lifecycle:lifecycle-process:2.7.0] AndroidManifest.xml:24:9-32:20
233            android:name="androidx.startup.InitializationProvider"
233-->[androidx.lifecycle:lifecycle-process:2.7.0] AndroidManifest.xml:25:13-67
234            android:authorities="com.cpp.birthday_gift.androidx-startup"
234-->[androidx.lifecycle:lifecycle-process:2.7.0] AndroidManifest.xml:26:13-68
235            android:exported="false" >
235-->[androidx.lifecycle:lifecycle-process:2.7.0] AndroidManifest.xml:27:13-37
236            <meta-data
236-->[androidx.lifecycle:lifecycle-process:2.7.0] AndroidManifest.xml:29:13-31:52
237                android:name="androidx.lifecycle.ProcessLifecycleInitializer"
237-->[androidx.lifecycle:lifecycle-process:2.7.0] AndroidManifest.xml:30:17-78
238                android:value="androidx.startup" />
238-->[androidx.lifecycle:lifecycle-process:2.7.0] AndroidManifest.xml:31:17-49
239            <meta-data
239-->[androidx.profileinstaller:profileinstaller:1.3.1] AndroidManifest.xml:29:13-31:52
240                android:name="androidx.profileinstaller.ProfileInstallerInitializer"
240-->[androidx.profileinstaller:profileinstaller:1.3.1] AndroidManifest.xml:30:17-85
241                android:value="androidx.startup" />
241-->[androidx.profileinstaller:profileinstaller:1.3.1] AndroidManifest.xml:31:17-49
242        </provider>
243
244        <uses-library
244-->[androidx.window:window:1.2.0] AndroidManifest.xml:23:9-25:40
245            android:name="androidx.window.extensions"
245-->[androidx.window:window:1.2.0] AndroidManifest.xml:24:13-54
246            android:required="false" />
246-->[androidx.window:window:1.2.0] AndroidManifest.xml:25:13-37
247        <uses-library
247-->[androidx.window:window:1.2.0] AndroidManifest.xml:26:9-28:40
248            android:name="androidx.window.sidecar"
248-->[androidx.window:window:1.2.0] AndroidManifest.xml:27:13-51
249            android:required="false" />
249-->[androidx.window:window:1.2.0] AndroidManifest.xml:28:13-37
250
251        <meta-data
251-->[com.google.android.gms:play-services-basement:18.4.0] AndroidManifest.xml:6:9-122
252            android:name="com.google.android.gms.version"
252-->[com.google.android.gms:play-services-basement:18.4.0] AndroidManifest.xml:6:20-65
253            android:value="@integer/google_play_services_version" />
253-->[com.google.android.gms:play-services-basement:18.4.0] AndroidManifest.xml:6:66-119
254
255        <receiver
255-->[androidx.profileinstaller:profileinstaller:1.3.1] AndroidManifest.xml:34:9-52:20
256            android:name="androidx.profileinstaller.ProfileInstallReceiver"
256-->[androidx.profileinstaller:profileinstaller:1.3.1] AndroidManifest.xml:35:13-76
257            android:directBootAware="false"
257-->[androidx.profileinstaller:profileinstaller:1.3.1] AndroidManifest.xml:36:13-44
258            android:enabled="true"
258-->[androidx.profileinstaller:profileinstaller:1.3.1] AndroidManifest.xml:37:13-35
259            android:exported="true"
259-->[androidx.profileinstaller:profileinstaller:1.3.1] AndroidManifest.xml:38:13-36
260            android:permission="android.permission.DUMP" >
260-->[androidx.profileinstaller:profileinstaller:1.3.1] AndroidManifest.xml:39:13-57
261            <intent-filter>
261-->[androidx.profileinstaller:profileinstaller:1.3.1] AndroidManifest.xml:40:13-42:29
262                <action android:name="androidx.profileinstaller.action.INSTALL_PROFILE" />
262-->[androidx.profileinstaller:profileinstaller:1.3.1] AndroidManifest.xml:41:17-91
262-->[androidx.profileinstaller:profileinstaller:1.3.1] AndroidManifest.xml:41:25-88
263            </intent-filter>
264            <intent-filter>
264-->[androidx.profileinstaller:profileinstaller:1.3.1] AndroidManifest.xml:43:13-45:29
265                <action android:name="androidx.profileinstaller.action.SKIP_FILE" />
265-->[androidx.profileinstaller:profileinstaller:1.3.1] AndroidManifest.xml:44:17-85
265-->[androidx.profileinstaller:profileinstaller:1.3.1] AndroidManifest.xml:44:25-82
266            </intent-filter>
267            <intent-filter>
267-->[androidx.profileinstaller:profileinstaller:1.3.1] AndroidManifest.xml:46:13-48:29
268                <action android:name="androidx.profileinstaller.action.SAVE_PROFILE" />
268-->[androidx.profileinstaller:profileinstaller:1.3.1] AndroidManifest.xml:47:17-88
268-->[androidx.profileinstaller:profileinstaller:1.3.1] AndroidManifest.xml:47:25-85
269            </intent-filter>
270            <intent-filter>
270-->[androidx.profileinstaller:profileinstaller:1.3.1] AndroidManifest.xml:49:13-51:29
271                <action android:name="androidx.profileinstaller.action.BENCHMARK_OPERATION" />
271-->[androidx.profileinstaller:profileinstaller:1.3.1] AndroidManifest.xml:50:17-95
271-->[androidx.profileinstaller:profileinstaller:1.3.1] AndroidManifest.xml:50:25-92
272            </intent-filter>
273        </receiver> <!-- The activities will be merged into the manifest of the hosting app. -->
274        <activity
274-->[com.google.android.play:core-common:2.0.3] AndroidManifest.xml:14:9-18:65
275            android:name="com.google.android.play.core.common.PlayCoreDialogWrapperActivity"
275-->[com.google.android.play:core-common:2.0.3] AndroidManifest.xml:15:13-93
276            android:exported="false"
276-->[com.google.android.play:core-common:2.0.3] AndroidManifest.xml:16:13-37
277            android:stateNotNeeded="true"
277-->[com.google.android.play:core-common:2.0.3] AndroidManifest.xml:17:13-42
278            android:theme="@style/Theme.PlayCore.Transparent" />
278-->[com.google.android.play:core-common:2.0.3] AndroidManifest.xml:18:13-62
279    </application>
280
281</manifest>